<?xml version="1.0" encoding="UTF-8"?>
<!-- Generated by org.testng.reporters.JUnitXMLReporter -->
<testsuite hostname="DESKTOP-5GI3OCP" ignored="1" name="Default test" tests="1" failures="0" timestamp="08 May 2021 23:35:23 GMT" time="13.627" errors="0">
  <testcase name="loginwithWrongEmail" time="3.487" classname="tests.LoginTest"/>
  <testcase name="loginwithWrongPasswordTest" time="0.0" classname="tests.LoginTest">
    <ignored/>
  </testcase> <!-- loginwithWrongPasswordTest -->
</testsuite> <!-- Default test -->
