<?xml version="1.0" encoding="UTF-8"?>
<testng-results skipped="0" failed="0" ignored="1" total="2" passed="1">
  <reporter-output>
  </reporter-output>
  <suite name="Default suite" duration-ms="13627" started-at="2021-05-08T23:35:09Z" finished-at="2021-05-08T23:35:23Z">
    <groups>
    </groups>
    <test name="Default test" duration-ms="13627" started-at="2021-05-08T23:35:09Z" finished-at="2021-05-08T23:35:23Z">
      <class name="tests.LoginTest">
        <test-method status="PASS" signature="beforeMethod()[pri:0, instance:tests.LoginTest@418e7838]" name="beforeMethod" is-config="true" duration-ms="8885" started-at="2021-05-08T19:35:09Z" finished-at="2021-05-08T19:35:18Z">
          <reporter-output>
          </reporter-output>
        </test-method> <!-- beforeMethod -->
        <test-method status="PASS" signature="loginwithWrongEmail()[pri:2, instance:tests.LoginTest@418e7838]" name="loginwithWrongEmail" duration-ms="3487" started-at="2021-05-08T19:35:18Z" finished-at="2021-05-08T19:35:21Z">
          <reporter-output>
          </reporter-output>
        </test-method> <!-- loginwithWrongEmail -->
        <test-method status="PASS" signature="afterMethod()[pri:0, instance:tests.LoginTest@418e7838]" name="afterMethod" is-config="true" duration-ms="1205" started-at="2021-05-08T19:35:21Z" finished-at="2021-05-08T19:35:23Z">
          <reporter-output>
          </reporter-output>
        </test-method> <!-- afterMethod -->
      </class> <!-- tests.LoginTest -->
    </test> <!-- Default test -->
  </suite> <!-- Default suite -->
</testng-results>
